<?xml version="1.0" encoding="UTF-8" ?>
<testsuite tests="1" failures="0" name="com.o2o.dao.AreaDaoTest" time="0.44" errors="0" skipped="0">
  <properties>
    <property name="idea.version" value="2020.2.2"/>
    <property name="java.runtime.name" value="OpenJDK Runtime Environment"/>
    <property name="java.vm.version" value="11.0.8+10"/>
    <property name="sun.boot.library.path" value="C:\Program Files\AdoptOpenJDK\jdk-11.0.8.10-hotspot\bin"/>
    <property name="maven.multiModuleProjectDirectory" value="G:\2021\project\School-O2O-SSM"/>
    <property name="java.vm.vendor" value="AdoptOpenJDK"/>
    <property name="java.vendor.url" value="https://adoptopenjdk.net/"/>
    <property name="guice.disable.misplaced.annotation.check" value="true"/>
    <property name="path.separator" value=";"/>
    <property name="java.vm.name" value="OpenJDK 64-Bit Server VM"/>
    <property name="sun.os.patch.level" value=""/>
    <property name="user.script" value=""/>
    <property name="user.country" value="CN"/>
    <property name="sun.java.launcher" value="SUN_STANDARD"/>
    <property name="java.vm.specification.name" value="Java Virtual Machine Specification"/>
    <property name="user.dir" value="G:\2021\project\School-O2O-SSM"/>
    <property name="java.vm.compressedOopsMode" value="Zero based"/>
    <property name="java.runtime.version" value="11.0.8+10"/>
    <property name="java.awt.graphicsenv" value="sun.awt.Win32GraphicsEnvironment"/>
    <property name="os.arch" value="amd64"/>
    <property name="java.io.tmpdir" value="C:\Users\JIANQU~1\AppData\Local\Temp\"/>
    <property name="line.separator" value="
"/>
    <property name="java.vm.specification.vendor" value="Oracle Corporation"/>
    <property name="user.variant" value=""/>
    <property name="os.name" value="Windows 10"/>
    <property name="maven.ext.class.path" value="E:\IntelliJ IDEA 2020.2.2\plugins\maven\lib\maven-event-listener.jar"/>
    <property name="classworlds.conf" value="E:\IntelliJ IDEA 2020.2.2\plugins\maven\lib\maven3\bin\m2.conf"/>
    <property name="sun.jnu.encoding" value="GBK"/>
    <property name="java.library.path" value="C:\Program Files\AdoptOpenJDK\jdk-11.0.8.10-hotspot\bin;C:\WINDOWS\Sun\Java\bin;C:\WINDOWS\system32;C:\WINDOWS;E:\WINDOWS.X64_193000_db_home\bin;C:\Program Files\AdoptOpenJDK\jdk-11.0.8.10-hotspot\bin;C:\Python27\Scripts\;C:\Python27\;C:\Python38\Scripts\;C:\Python38\;C:\Program Files (x86)\Common Files\Oracle\Java\javapath;E:\Python36\Scripts\;E:\Python36\;C:\Windows\system32;C:\Windows;C:\Windows\System32\Wbem;C:\Windows\System32\WindowsPowerShell\v1.0\;C:\Program Files (x86)\NVIDIA Corporation\PhysX\Common;E:\Git\cmd;E:\MATLAB\runtime\win64;E:\MATLAB\R2017a\runtime\win64;E:\MATLAB\R2017a\bin;E:\Cmake\bin;C:\Program Files (x86)\GnuWin32\bin;G:\mysql-8\bin;C:\WINDOWS\system32;C:\WINDOWS;C:\WINDOWS\System32\Wbem;C:\WINDOWS\System32\WindowsPowerShell\v1.0\;C:\WINDOWS\System32\OpenSSH\;E:\Anaconda3\Scripts;E:\Anaconda3;E:\Microsoft VS Code\bin;C:\Program Files\Microsoft SQL Server\110\Tools\Binn\;C:\Program Files (x86)\Microsoft SDKs\TypeScript\1.0\;C:\Program Files\Microsoft SQL Server\120\Tools\Binn\;C:\Windows\System32\OpenSSH\;E:\MATLAB\bin;C:\Program Files\LLVM\bin;C:\Program Files\mingw-w64\x86_64-8.1.0-posix-seh-rt_v6-rev0\mingw64\bin;C:\Program Files (x86)\Wolfram Research\WolframScript\;E:\Vagrant\bin;C:\Program Files\Microsoft\Web Platform Installer\;C:\Program Files\RedHat\java-1.8.0-openjdk-1.8.0.242-3\bin;C:\Program Files\RedHat\java-1.8.0-openjdk-1.8.0.242-3\jre\bin;E:\apache-tomcat-8.5.64\bin;C:\Program Files\dotnet\;C:\WINDOWS\system32;C:\WINDOWS;C:\WINDOWS\System32\Wbem;C:\WINDOWS\System32\WindowsPowerShell\v1.0\;C:\WINDOWS\System32\OpenSSH\;E:\nodejs\;C:\ProgramData\chocolatey\bin;E:\apache-maven-3.6.3\bin;E:\scala\bin;E:\PuTTY\;C:\Program Files\Docker\Docker\resources\bin;C:\ProgramData\DockerDesktop\version-bin;C:\Python27\Scripts\;C:\Python27\;C:\Python38\Scripts\;C:\Python38\;C:\Users\JianquanWang\AppData\Local\Microsoft\WindowsApps;E:\Microsoft VS Code\bin;E:\CLion 2019.3.3\bin;;C:\Program Files\mingw-w64\x86_64-8.1.0-posix-seh-rt_v6-rev0\mingw64\bin;C:\Program Files\Bandizip\;C:\Program Files\NVIDIA Corporation\NVSMI;G:\BaiduNetdiskDownload\ffmpeg-20190722-3883c9d-win64-static\bin;E:\PyCharm 2019.3.3\bin;;E:\apache-tomcat-8.5.64\bin;C:\Users\JianquanWang\AppData\Roaming\Dashlane\6.2026.0.36165\bin\Firefox_Extension\{442718d9-475e-452a-b3e1-fb1ee16b8e9f}\components;C:\Users\JianquanWang\AppData\Roaming\Dashlane\6.2026.0.36165\ucrt;C:\Users\JianquanWang\AppData\Roaming\Dashlane\6.2026.0.36165\bin\Qt;C:\Users\JianquanWang\AppData\Roaming\Dashlane\6.2026.0.36165\ucrt;C:\Users\JianquanWang\AppData\Roaming\Dashlane\6.2026.0.36165\bin\Ssl;C:\Users\JianquanWang\AppData\Roaming\npm;C:\Users\JianquanWang\AppData\Local\Programs\Python\Python36-32\;C:\Users\JianquanWang\AppData\Local\Programs\Python\Python36-32\Scripts\;C:\Users\JianquanWang\AppData\Local\conda\conda\envs\pytorch\Lib\site-packages;C:\Users\JianquanWang\AppData\Local\Android\Sdk\platform-tools;C:\Users\JianquanWang\AppData\Local\Android\Sdk\emulator;C:\Users\JianquanWang\AppData\Local\Android\Sdk\tools;C:\Users\JianquanWang\AppData\Local\Android\Sdk\tools\bin;E:\WebStorm 2020.2.1\bin;;E:\IntelliJ IDEA 2020.2.2\bin;;E:\scala\bin;E:\hadoop-3.1.4\bin;E:\hadoop-3.1.4\sbin;C:\Program Files\RedHat\java-1.8.0-openjdk-1.8.0.242-3\bin;E:\apache-tomcat-8.5.64\lib;;."/>
    <property name="maven.conf" value="E:\IntelliJ IDEA 2020.2.2\plugins\maven\lib\maven3/conf"/>
    <property name="jdk.debug" value="release"/>
    <property name="java.class.version" value="55.0"/>
    <property name="java.specification.name" value="Java Platform API Specification"/>
    <property name="sun.management.compiler" value="HotSpot 64-Bit Tiered Compilers"/>
    <property name="os.version" value="10.0"/>
    <property name="user.home" value="C:\Users\JianquanWang"/>
    <property name="user.timezone" value="America/New_York"/>
    <property name="java.awt.printerjob" value="sun.awt.windows.WPrinterJob"/>
    <property name="file.encoding" value="UTF-8"/>
    <property name="java.specification.version" value="11"/>
    <property name="user.name" value="JianquanWang"/>
    <property name="java.class.path" value="E:\IntelliJ IDEA 2020.2.2\plugins\maven\lib\maven3\boot\plexus-classworlds-2.6.0.jar;E:\IntelliJ IDEA 2020.2.2\plugins\maven\lib\maven3\boot\plexus-classworlds.license"/>
    <property name="java.vm.specification.version" value="11"/>
    <property name="sun.arch.data.model" value="64"/>
    <property name="sun.java.command" value="org.codehaus.classworlds.Launcher -Didea.version=2020.2.2 install"/>
    <property name="java.home" value="C:\Program Files\AdoptOpenJDK\jdk-11.0.8.10-hotspot"/>
    <property name="user.language" value="zh"/>
    <property name="java.specification.vendor" value="Oracle Corporation"/>
    <property name="awt.toolkit" value="sun.awt.windows.WToolkit"/>
    <property name="java.vm.info" value="mixed mode"/>
    <property name="java.version" value="11.0.8"/>
    <property name="java.vendor" value="AdoptOpenJDK"/>
    <property name="maven.home" value="E:\IntelliJ IDEA 2020.2.2\plugins\maven\lib\maven3"/>
    <property name="file.separator" value="\"/>
    <property name="java.version.date" value="2020-07-14"/>
    <property name="java.vendor.url.bug" value="https://github.com/AdoptOpenJDK/openjdk-support/issues"/>
    <property name="sun.io.unicode.encoding" value="UnicodeLittle"/>
    <property name="sun.cpu.endian" value="little"/>
    <property name="java.vendor.version" value="AdoptOpenJDK"/>
    <property name="sun.desktop" value="windows"/>
    <property name="sun.cpu.isalist" value="amd64"/>
  </properties>
  <testcase classname="com.o2o.dao.AreaDaoTest" name="testQueryArea" time="0.44"/>
</testsuite>